<?xml version="1.0" encoding="UTF-8"?>
<!-- Generated by org.testng.reporters.JUnitXMLReporter -->
<testsuite ignored="1" hostname="LAPTOP-HO82ILSL" failures="0" tests="2" name="Test" time="0.066" errors="0" timestamp="2022-12-14T12:55:32 IST">
  <testcase classname="maven234.groups" name="testcase1" time="0.007"/>
  <testcase classname="maven234.groups" name="testcase3" time="0.002"/>
  <testcase classname="maven234.groups" name="testcase2" time="0.0">
    <ignored/>
  </testcase> <!-- testcase2 -->
</testsuite> <!-- Test -->
