<?xml version="1.0" encoding="UTF-8"?>
<testng-results ignored="0" total="1" passed="1" failed="0" skipped="0">
  <reporter-output>
  </reporter-output>
  <suite started-at="2023-02-07T13:03:58 IST" name="Default suite" finished-at="2023-02-07T13:06:27 IST" duration-ms="149463">
    <groups>
    </groups>
    <test started-at="2023-02-07T13:03:58 IST" name="Default test" finished-at="2023-02-07T13:06:27 IST" duration-ms="149463">
      <class name="data.DataDriven">
        <test-method is-config="true" signature="beforeTest()[pri:0, instance:data.DataDriven@c33b74f]" started-at="2023-02-07T13:03:58 IST" name="beforeTest" finished-at="2023-02-07T13:05:18 IST" duration-ms="80421" status="PASS">
          <reporter-output>
          </reporter-output>
        </test-method> <!-- beforeTest -->
        <test-method signature="datadriven()[pri:0, instance:data.DataDriven@c33b74f]" started-at="2023-02-07T13:05:18 IST" name="datadriven" finished-at="2023-02-07T13:06:27 IST" duration-ms="68972" status="PASS">
          <reporter-output>
          </reporter-output>
        </test-method> <!-- datadriven -->
      </class> <!-- data.DataDriven -->
    </test> <!-- Default test -->
  </suite> <!-- Default suite -->
</testng-results>
